<?xml version="1.0" encoding="UTF-8"?>
<!-- Generated by org.testng.reporters.JUnitReportReporter -->
<testsuite hostname="LAPTOP-LJLOR2F2" failures="0" tests="1" name="com.demoaut.newtours.TestScripts.VerifyInvalidLoginTest" time="13.338" errors="0" timestamp="2020-04-27T13:46:03 EDT" skipped="0">
  <testcase classname="com.demoaut.newtours.TestScripts.VerifyInvalidLoginTest" name="verifyInvalidLogin" time="13.338"/>
</testsuite> <!-- com.demoaut.newtours.TestScripts.VerifyInvalidLoginTest -->
